0 info it worked if it ends with ok
1 verbose cli [ '/usr/local/bin/node', '/usr/local/bin/npm', 'publish' ]
2 info using npm@1.4.23
3 info using node@v0.10.31
4 verbose publish [ '.' ]
5 verbose cache add [ '.', null ]
6 verbose cache add name=undefined spec="." args=[".",null]
7 verbose parsed url { protocol: null,
7 verbose parsed url   slashes: null,
7 verbose parsed url   auth: null,
7 verbose parsed url   host: null,
7 verbose parsed url   port: null,
7 verbose parsed url   hostname: null,
7 verbose parsed url   hash: null,
7 verbose parsed url   search: null,
7 verbose parsed url   query: null,
7 verbose parsed url   pathname: '.',
7 verbose parsed url   path: '.',
7 verbose parsed url   href: '.' }
8 silly lockFile 3a52ce78- .
9 verbose lock . /home/pitaj/.npm/3a52ce78-.lock
10 verbose tar pack [ '/home/pitaj/.npm/nodebb-plugin-teamspeak/0.1.4/package.tgz',
10 verbose tar pack   '.' ]
11 verbose tarball /home/pitaj/.npm/nodebb-plugin-teamspeak/0.1.4/package.tgz
12 verbose folder .
13 info prepublish nodebb-plugin-teamspeak@0.1.4
14 silly lockFile 1f1177db-tar tar://.
15 verbose lock tar://. /home/pitaj/.npm/1f1177db-tar.lock
16 silly lockFile e2bf7e7b-ugin-teamspeak-0-1-4-package-tgz tar:///home/pitaj/.npm/nodebb-plugin-teamspeak/0.1.4/package.tgz
17 verbose lock tar:///home/pitaj/.npm/nodebb-plugin-teamspeak/0.1.4/package.tgz /home/pitaj/.npm/e2bf7e7b-ugin-teamspeak-0-1-4-package-tgz.lock
18 silly lockFile 1f1177db-tar tar://.
19 silly lockFile 1f1177db-tar tar://.
20 silly lockFile e2bf7e7b-ugin-teamspeak-0-1-4-package-tgz tar:///home/pitaj/.npm/nodebb-plugin-teamspeak/0.1.4/package.tgz
21 silly lockFile e2bf7e7b-ugin-teamspeak-0-1-4-package-tgz tar:///home/pitaj/.npm/nodebb-plugin-teamspeak/0.1.4/package.tgz
22 silly lockFile f123f671-b-plugin-teamspeak-0-1-4-package /home/pitaj/.npm/nodebb-plugin-teamspeak/0.1.4/package
23 verbose lock /home/pitaj/.npm/nodebb-plugin-teamspeak/0.1.4/package /home/pitaj/.npm/f123f671-b-plugin-teamspeak-0-1-4-package.lock
24 silly lockFile f123f671-b-plugin-teamspeak-0-1-4-package /home/pitaj/.npm/nodebb-plugin-teamspeak/0.1.4/package
25 silly lockFile f123f671-b-plugin-teamspeak-0-1-4-package /home/pitaj/.npm/nodebb-plugin-teamspeak/0.1.4/package
26 silly lockFile 3a52ce78- .
27 silly lockFile 3a52ce78- .
28 silly publish { name: 'nodebb-plugin-teamspeak',
28 silly publish   version: '0.1.4',
28 silly publish   description: 'Teamspeak server viewer',
28 silly publish   main: 'library.js',
28 silly publish   scripts: { test: 'echo "Error: no test specified" && exit 1' },
28 silly publish   repository:
28 silly publish    { type: 'git',
28 silly publish      url: 'https://github.com/pitaj/nodebb-plugin-teamspeak.git' },
28 silly publish   keywords: [ 'teamspeak', 'nodebb', 'widget' ],
28 silly publish   author: { name: 'PitaJ' },
28 silly publish   license: 'ISC',
28 silly publish   bugs: { url: 'https://github.com/pitaj/nodebb-plugin-teamspeak/issues' },
28 silly publish   homepage: 'https://github.com/pitaj/nodebb-plugin-teamspeak',
28 silly publish   dependencies:
28 silly publish    { 'node-teamspeak': '>=1.0.4',
28 silly publish      async: '>=0.9.0',
28 silly publish      later: '>=1.1.6',
28 silly publish      'js-beautify': '>=1.5.2' },
28 silly publish   readme: 'This plugin for NodeBB allows people to put a configurable widget on their website which shows their Teamspeak server\'s details.\n\nInstallation:\n\n    npm install nodebb-plugin-teamspeak\n\nAll one must do is, in the NodeBB Admin area, go to Themes > Widgets, drag the widget wherever they want, and configure the options for the widget.\n\nThis plugin also allows for low and high-level automation of the Teamspeak server. These automation features can be set up via the plugin\'s settings page in the admin area.\n',
28 silly publish   readmeFilename: 'README.md',
28 silly publish   gitHead: 'fa70e387bbc76f0ca9d506195f7a7562018638da',
28 silly publish   _id: 'nodebb-plugin-teamspeak@0.1.4',
28 silly publish   _shasum: '271e953fb3bbbdf3c6f31dc0d6248c9ae86a1a69',
28 silly publish   _from: '.' }
29 verbose request where is /nodebb-plugin-teamspeak
30 verbose request registry https://registry.npmjs.org/
31 verbose request id be0cbde4a65d2796
32 verbose url raw /nodebb-plugin-teamspeak
33 verbose url resolving [ 'https://registry.npmjs.org/', './nodebb-plugin-teamspeak' ]
34 verbose url resolved https://registry.npmjs.org/nodebb-plugin-teamspeak
35 verbose request where is https://registry.npmjs.org/nodebb-plugin-teamspeak
36 info trying registry request attempt 1 at 16:55:55
37 http PUT https://registry.npmjs.org/nodebb-plugin-teamspeak
38 http 403 https://registry.npmjs.org/nodebb-plugin-teamspeak
39 verbose headers { date: 'Tue, 30 Sep 2014 22:55:55 GMT',
39 verbose headers   server: 'CouchDB/1.5.0 (Erlang OTP/R16B03)',
39 verbose headers   'content-type': 'application/json',
39 verbose headers   'cache-control': 'max-age=60',
39 verbose headers   'content-length': '3060',
39 verbose headers   'accept-ranges': 'bytes',
39 verbose headers   via: '1.1 varnish',
39 verbose headers   'x-served-by': 'cache-sjc3129-SJC',
39 verbose headers   'x-cache': 'MISS',
39 verbose headers   'x-cache-hits': '0',
39 verbose headers   'x-timer': 'S1412117755.816975,VS0,VE116',
39 verbose headers   'keep-alive': 'timeout=10, max=50',
39 verbose headers   connection: 'Keep-Alive' }
40 error publish Failed PUT 403
41 error Error: forbidden cannot modify pre-existing version: 0.1.4
41 error old={"name":"nodebb-plugin-teamspeak","version":"0.1.4","description":"Teamspeak server viewer","main":"library.js","scripts":{"test":"echo \"Error: no test specified\" && exit 1"},"repository":{"type":"git","url":"https://github.com/pitaj/nodebb-plugin-teamspeak.git"},"keywords":["teamspeak","nodebb","widget"],"author":{"name":"PitaJ"},"license":"ISC","bugs":{"url":"https://github.com/pitaj/nodebb-plugin-teamspeak/issues"},"homepage":"https://github.com/pitaj/nodebb-plugin-teamspeak","dependencies":{"node-teamspeak":">=1.0.4","async":">=0.9.0","later":">=1.1.6","js-beautify":">=1.5.2"},"gitHead":"d94491a24e1e241dc68fe48d25794f2bb009afa9","_id":"nodebb-plugin-teamspeak@0.1.4","_shasum":"271e953fb3bbbdf3c6f31dc0d6248c9ae86a1a69","_from":".","_npmVersion":"1.4.23","_npmUser":{"name":"pitaj","email":"p.jaszkow@gmail.com"},"maintainers":[{"name":"pitaj","email":"p.jaszkow@gmail.com"}],"dist":{"shasum":"271e953fb3bbbdf3c6f31dc0d6248c9ae86a1a69","tarball":"http://registry.npmjs.org/nodebb-plugin-teamspeak/-/nodebb-plugin-teamspeak-0.1.4.tgz"}}
41 error new={"name":"nodebb-plugin-teamspeak","version":"0.1.4","description":"Teamspeak server viewer","main":"library.js","scripts":{"test":"echo \"Error: no test specified\" && exit 1"},"repository":{"type":"git","url":"https://github.com/pitaj/nodebb-plugin-teamspeak.git"},"keywords":["teamspeak","nodebb","widget"],"author":{"name":"PitaJ"},"license":"ISC","bugs":{"url":"https://github.com/pitaj/nodebb-plugin-teamspeak/issues"},"homepage":"https://github.com/pitaj/nodebb-plugin-teamspeak","dependencies":{"node-teamspeak":">=1.0.4","async":">=0.9.0","later":">=1.1.6","js-beautify":">=1.5.2"},"readme":"This plugin for NodeBB allows people to put a configurable widget on their website which shows their Teamspeak server's details.\u000a\u000aInstallation:\u000a\u000a    npm install nodebb-plugin-teamspeak\u000a\u000aAll one must do is, in the NodeBB Admin area, go to Themes > Widgets, drag the widget wherever they want, and configure the options for the widget.\u000a\u000aThis plugin also allows for low and high-level automation of the Teamspeak server. These automation features can be set up via the plugin's settings page in the admin area.\u000a","readmeFilename":"README.md","gitHead":"fa70e387bbc76f0ca9d506195f7a7562018638da","_id":"nodebb-plugin-teamspeak@0.1.4","_shasum":"271e953fb3bbbdf3c6f31dc0d6248c9ae86a1a69","_from":".","_npmVersion":"1.4.23","_npmUser":{"name":"pitaj","email":"p.jaszkow@gmail.com"},"maintainers":[{"name":"pitaj","email":"p.jaszkow@gmail.com"}],"dist":{"shasum":"271e953fb3bbbdf3c6f31dc0d6248c9ae86a1a69","tarball":"http://registry.npmjs.org/nodebb-plugin-teamspeak/-/nodebb-plugin-teamspeak-0.1.4.tgz"}}: nodebb-plugin-teamspeak
41 error     at RegClient.<anonymous> (/usr/local/lib/node_modules/npm/node_modules/npm-registry-client/lib/request.js:300:14)
41 error     at Request._callback (/usr/local/lib/node_modules/npm/node_modules/npm-registry-client/lib/request.js:238:65)
41 error     at Request.self.callback (/usr/local/lib/node_modules/npm/node_modules/request/request.js:123:22)
41 error     at Request.emit (events.js:98:17)
41 error     at Request.<anonymous> (/usr/local/lib/node_modules/npm/node_modules/request/request.js:893:14)
41 error     at Request.emit (events.js:117:20)
41 error     at IncomingMessage.<anonymous> (/usr/local/lib/node_modules/npm/node_modules/request/request.js:844:12)
41 error     at IncomingMessage.emit (events.js:117:20)
41 error     at _stream_readable.js:943:16
41 error     at process._tickCallback (node.js:419:13)
42 error If you need help, you may report this *entire* log,
42 error including the npm and node versions, at:
42 error     <http://github.com/npm/npm/issues>
43 error System Linux 3.13.0-32-generic
44 error command "/usr/local/bin/node" "/usr/local/bin/npm" "publish"
45 error cwd /home/pitaj/DFA Site/nodebb/node_modules/nodebb-plugin-teamspeak
46 error node -v v0.10.31
47 error npm -v 1.4.23
48 verbose exit [ 1, true ]
